Jun-10 14:09:41.158 [main] DEBUG nextflow.cli.Launcher - $> nextflow run nf-core/atacseq --input ./samples.csv --outdir ./results --genome GRCh38 --read_length 150 -profile singularity
Jun-10 14:09:41.457 [main] DEBUG nextflow.cli.CmdRun - N E X T F L O W  ~  version 24.04.2
Jun-10 14:09:41.600 [main] DEBUG nextflow.plugin.PluginsFacade - Setting up plugin manager > mode=prod; embedded=false; plugins-dir=/wynton/home/ahituv/fongsl/.nextflow/plugins; core-plugins: nf-amazon@2.5.2,nf-azure@1.6.0,nf-cloudcache@0.4.1,nf-codecommit@0.2.0,nf-console@1.1.3,nf-ga4gh@1.3.0,nf-google@1.13.2,nf-tower@1.9.1,nf-wave@1.4.2
Jun-10 14:09:41.641 [main] INFO  o.pf4j.DefaultPluginStatusProvider - Enabled plugins: []
Jun-10 14:09:41.644 [main] INFO  o.pf4j.DefaultPluginStatusProvider - Disabled plugins: []
Jun-10 14:09:41.650 [main] INFO  org.pf4j.DefaultPluginManager - PF4J version 3.10.0 in 'deployment' mode
Jun-10 14:09:41.699 [main] INFO  org.pf4j.AbstractPluginManager - No plugins
Jun-10 14:09:41.739 [main] DEBUG nextflow.scm.ProviderConfig - Using SCM config path: /wynton/home/ahituv/fongsl/.nextflow/scm
Jun-10 14:09:43.906 [main] DEBUG nextflow.scm.AssetManager - Git config: /wynton/home/ahituv/fongsl/.nextflow/assets/nf-core/atacseq/.git/config; branch: master; remote: origin; url: https://github.com/nf-core/atacseq.git
Jun-10 14:09:43.974 [main] DEBUG nextflow.scm.RepositoryFactory - Found Git repository result: [RepositoryFactory]
Jun-10 14:09:43.997 [main] DEBUG nextflow.scm.AssetManager - Git config: /wynton/home/ahituv/fongsl/.nextflow/assets/nf-core/atacseq/.git/config; branch: master; remote: origin; url: https://github.com/nf-core/atacseq.git
Jun-10 14:09:45.344 [main] DEBUG nextflow.scm.AssetManager - WARN: Failed to check remote Git revision
org.eclipse.jgit.api.errors.TransportException: https://github.com/nf-core/atacseq.git: cannot open git-upload-pack
	at org.eclipse.jgit.api.LsRemoteCommand.execute(LsRemoteCommand.java:192)
	at org.eclipse.jgit.api.LsRemoteCommand.call(LsRemoteCommand.java:131)
	at nextflow.scm.AssetManager.getRemoteCommitId(AssetManager.groovy:1008)
	at nextflow.scm.AssetManager.checkRemoteStatus0(AssetManager.groovy:1019)
	at nextflow.scm.AssetManager.checkRemoteStatus(AssetManager.groovy:1037)
	at nextflow.cli.CmdRun.getScriptFile0(CmdRun.groovy:591)
	at nextflow.cli.CmdRun.getScriptFile(CmdRun.groovy:513)
	at nextflow.cli.CmdRun.run(CmdRun.groovy:321)
	at nextflow.cli.Launcher.run(Launcher.groovy:503)
	at nextflow.cli.Launcher.main(Launcher.groovy:657)
Caused by: org.eclipse.jgit.errors.TransportException: https://github.com/nf-core/atacseq.git: cannot open git-upload-pack
	at org.eclipse.jgit.transport.TransportHttp.connect(TransportHttp.java:760)
	at org.eclipse.jgit.transport.TransportHttp.openFetch(TransportHttp.java:465)
	at org.eclipse.jgit.api.LsRemoteCommand.execute(LsRemoteCommand.java:170)
	... 9 common frames omitted
Caused by: java.net.UnknownHostException: github.com
	at java.base/java.net.AbstractPlainSocketImpl.connect(AbstractPlainSocketImpl.java:220)
	at java.base/java.net.SocksSocketImpl.connect(SocksSocketImpl.java:392)
	at java.base/java.net.Socket.connect(Socket.java:609)
	at java.base/sun.security.ssl.SSLSocketImpl.connect(SSLSocketImpl.java:299)
	at java.base/sun.net.NetworkClient.doConnect(NetworkClient.java:177)
	at java.base/sun.net.www.http.HttpClient.openServer(HttpClient.java:474)
	at java.base/sun.net.www.http.HttpClient.openServer(HttpClient.java:569)
	at java.base/sun.net.www.protocol.https.HttpsClient.<init>(HttpsClient.java:266)
	at java.base/sun.net.www.protocol.https.HttpsClient.New(HttpsClient.java:373)
	at java.base/sun.net.www.protocol.https.AbstractDelegateHttpsURLConnection.getNewHttpClient(AbstractDelegateHttpsURLConnection.java:203)
	at java.base/sun.net.www.protocol.http.HttpURLConnection.plainConnect0(HttpURLConnection.java:1232)
	at java.base/sun.net.www.protocol.http.HttpURLConnection.plainConnect(HttpURLConnection.java:1081)
	at java.base/sun.net.www.protocol.https.AbstractDelegateHttpsURLConnection.connect(AbstractDelegateHttpsURLConnection.java:189)
	at java.base/sun.net.www.protocol.http.HttpURLConnection.getInputStream0(HttpURLConnection.java:1592)
	at java.base/sun.net.www.protocol.http.HttpURLConnection.getInputStream(HttpURLConnection.java:1520)
	at java.base/java.net.HttpURLConnection.getResponseCode(HttpURLConnection.java:527)
	at java.base/sun.net.www.protocol.https.HttpsURLConnectionImpl.getResponseCode(HttpsURLConnectionImpl.java:334)
	at org.eclipse.jgit.transport.http.JDKHttpConnection.getResponseCode(JDKHttpConnection.java:85)
	at org.eclipse.jgit.util.HttpSupport.response(HttpSupport.java:232)
	at org.eclipse.jgit.transport.TransportHttp.connect(TransportHttp.java:665)
	... 11 common frames omitted
Jun-10 14:09:45.400 [main] DEBUG nextflow.config.ConfigBuilder - Found config base: /wynton/home/ahituv/fongsl/.nextflow/assets/nf-core/atacseq/nextflow.config
Jun-10 14:09:45.456 [main] DEBUG nextflow.config.ConfigBuilder - Parsing config file: /wynton/home/ahituv/fongsl/.nextflow/assets/nf-core/atacseq/nextflow.config
Jun-10 14:09:45.495 [main] DEBUG n.secret.LocalSecretsProvider - Secrets store: /wynton/home/ahituv/fongsl/.nextflow/secrets/store.json
Jun-10 14:09:45.548 [main] DEBUG nextflow.secret.SecretsLoader - Discovered secrets providers: [nextflow.secret.LocalSecretsProvider@715f45c6] - activable => nextflow.secret.LocalSecretsProvider@715f45c6
Jun-10 14:09:45.605 [main] DEBUG nextflow.config.ConfigBuilder - Applying config profile: `singularity`
Jun-10 14:09:47.141 [main] DEBUG nextflow.config.ConfigBuilder - Available config profiles: [debug, test, apptainer, docker, test_controls, gitpod, shifter, mamba, charliecloud, conda, singularity, arm, test_full, podman]
Jun-10 14:09:47.222 [main] DEBUG nextflow.cli.CmdRun - Applied DSL=2 from script declaration
Jun-10 14:09:47.224 [main] DEBUG nextflow.cli.CmdRun - Launching `https://github.com/nf-core/atacseq` [magical_turing] DSL2 - revision: 1a1dbe52ff [master]
Jun-10 14:09:47.228 [main] DEBUG nextflow.plugin.PluginsFacade - Plugins declared=[nf-validation]
Jun-10 14:09:47.229 [main] DEBUG nextflow.plugin.PluginsFacade - Plugins default=[]
Jun-10 14:09:47.230 [main] DEBUG nextflow.plugin.PluginsFacade - Plugins resolved requirement=[nf-validation]
Jun-10 14:09:47.231 [main] DEBUG nextflow.plugin.PluginUpdater - Installing plugin nf-validation version: latest
Jun-10 14:09:47.232 [main] ERROR o.p.update.DefaultUpdateRepository - raw.githubusercontent.com
java.net.UnknownHostException: raw.githubusercontent.com
	at java.base/java.net.AbstractPlainSocketImpl.connect(AbstractPlainSocketImpl.java:220)
	at java.base/java.net.SocksSocketImpl.connect(SocksSocketImpl.java:392)
	at java.base/java.net.Socket.connect(Socket.java:609)
	at java.base/sun.security.ssl.SSLSocketImpl.connect(SSLSocketImpl.java:299)
	at java.base/sun.security.ssl.BaseSSLSocketImpl.connect(BaseSSLSocketImpl.java:173)
	at java.base/sun.net.NetworkClient.doConnect(NetworkClient.java:182)
	at java.base/sun.net.www.http.HttpClient.openServer(HttpClient.java:474)
	at java.base/sun.net.www.http.HttpClient.openServer(HttpClient.java:569)
	at java.base/sun.net.www.protocol.https.HttpsClient.<init>(HttpsClient.java:266)
	at java.base/sun.net.www.protocol.https.HttpsClient.New(HttpsClient.java:373)
	at java.base/sun.net.www.protocol.https.AbstractDelegateHttpsURLConnection.getNewHttpClient(AbstractDelegateHttpsURLConnection.java:203)
	at java.base/sun.net.www.protocol.http.HttpURLConnection.plainConnect0(HttpURLConnection.java:1187)
	at java.base/sun.net.www.protocol.http.HttpURLConnection.plainConnect(HttpURLConnection.java:1081)
	at java.base/sun.net.www.protocol.https.AbstractDelegateHttpsURLConnection.connect(AbstractDelegateHttpsURLConnection.java:189)
	at java.base/sun.net.www.protocol.http.HttpURLConnection.getInputStream0(HttpURLConnection.java:1592)
	at java.base/sun.net.www.protocol.http.HttpURLConnection.getInputStream(HttpURLConnection.java:1520)
	at java.base/sun.net.www.protocol.https.HttpsURLConnectionImpl.getInputStream(HttpsURLConnectionImpl.java:250)
	at java.base/java.net.URL.openStream(URL.java:1165)
	at org.pf4j.update.DefaultUpdateRepository.initPlugins(DefaultUpdateRepository.java:96)
	at org.pf4j.update.DefaultUpdateRepository.getPlugins(DefaultUpdateRepository.java:80)
	at org.pf4j.update.UpdateManager.getPluginsMap(UpdateManager.java:149)
	at org.pf4j.update.UpdateManager.getLastPluginRelease(UpdateManager.java:392)
	at nextflow.plugin.PluginUpdater.load0(PluginUpdater.groovy:321)
	at nextflow.plugin.PluginUpdater.installPlugin(PluginUpdater.groovy:198)
	at nextflow.plugin.PluginUpdater.prepareAndStart(PluginUpdater.groovy:145)
	at nextflow.plugin.PluginsFacade.start(PluginsFacade.groovy:335)
	at nextflow.plugin.PluginsFacade.start(PluginsFacade.groovy:340)
	at nextflow.plugin.PluginsFacade.load(PluginsFacade.groovy:239)
	at nextflow.plugin.Plugins.load(Plugins.groovy:52)
	at nextflow.cli.CmdRun.run(CmdRun.groovy:338)
	at nextflow.cli.Launcher.run(Launcher.groovy:503)
	at nextflow.cli.Launcher.main(Launcher.groovy:657)
Jun-10 14:09:47.233 [main] ERROR nextflow.cli.Launcher - @unknown
java.lang.IllegalStateException: Cannot find latest version of nf-validation plugin
	at nextflow.plugin.PluginUpdater.load0(PluginUpdater.groovy:328)
	at nextflow.plugin.PluginUpdater.installPlugin(PluginUpdater.groovy:198)
	at nextflow.plugin.PluginUpdater.prepareAndStart(PluginUpdater.groovy:145)
	at nextflow.plugin.PluginsFacade.start(PluginsFacade.groovy:335)
	at nextflow.plugin.PluginsFacade.start(PluginsFacade.groovy:340)
	at nextflow.plugin.PluginsFacade.load(PluginsFacade.groovy:239)
	at nextflow.plugin.Plugins.load(Plugins.groovy:52)
	at nextflow.cli.CmdRun.run(CmdRun.groovy:338)
	at nextflow.cli.Launcher.run(Launcher.groovy:503)
	at nextflow.cli.Launcher.main(Launcher.groovy:657)
